0 info it worked if it ends with ok
1 verbose cli [ '/home/sundalei/.nvm/versions/node/v6.2.1/bin/node',
1 verbose cli   '/home/sundalei/.nvm/versions/node/v6.2.1/bin/npm',
1 verbose cli   'publish' ]
2 info using npm@3.9.3
3 info using node@v6.2.1
4 verbose publish [ '.' ]
5 silly cache add args [ '.', null ]
6 verbose cache add spec .
7 silly cache add parsed spec Result {
7 silly cache add   raw: '.',
7 silly cache add   scope: null,
7 silly cache add   name: null,
7 silly cache add   rawSpec: '.',
7 silly cache add   spec: '/home/sundalei/nodejs/ch01/my-project',
7 silly cache add   type: 'directory' }
8 verbose addLocalDirectory /home/sundalei/.npm/my-colors-project/0.0.1/package.tgz not in flight; packing
9 verbose correctMkdir /home/sundalei/.npm correctMkdir not in flight; initializing
10 info lifecycle my-colors-project@0.0.1~prepublish: my-colors-project@0.0.1
11 silly lifecycle my-colors-project@0.0.1~prepublish: no script for prepublish, continuing
12 verbose tar pack [ '/home/sundalei/.npm/my-colors-project/0.0.1/package.tgz',
12 verbose tar pack   '/home/sundalei/nodejs/ch01/my-project' ]
13 verbose tarball /home/sundalei/.npm/my-colors-project/0.0.1/package.tgz
14 verbose folder /home/sundalei/nodejs/ch01/my-project
15 verbose addLocalTarball adding from inside cache /home/sundalei/.npm/my-colors-project/0.0.1/package.tgz
16 verbose correctMkdir /home/sundalei/.npm correctMkdir not in flight; initializing
17 silly cache afterAdd my-colors-project@0.0.1
18 verbose afterAdd /home/sundalei/.npm/my-colors-project/0.0.1/package/package.json not in flight; writing
19 verbose correctMkdir /home/sundalei/.npm correctMkdir not in flight; initializing
20 verbose afterAdd /home/sundalei/.npm/my-colors-project/0.0.1/package/package.json written
21 silly publish { name: 'my-colors-project',
21 silly publish   version: '0.0.1',
21 silly publish   main: './index',
21 silly publish   dependencies: { colors: '1.1.2' },
21 silly publish   readme: 'ERROR: No README data found!',
21 silly publish   _id: 'my-colors-project@0.0.1',
21 silly publish   scripts: {},
21 silly publish   _shasum: '2a4848c9cde96bf108ceacf7f2e1cd075e8f1dd9',
21 silly publish   _from: '.' }
22 verbose getPublishConfig undefined
23 silly mapToRegistry name my-colors-project
24 silly mapToRegistry using default registry
25 silly mapToRegistry registry https://registry.npmjs.org/
26 silly mapToRegistry data Result {
26 silly mapToRegistry   raw: 'my-colors-project',
26 silly mapToRegistry   scope: null,
26 silly mapToRegistry   name: 'my-colors-project',
26 silly mapToRegistry   rawSpec: '',
26 silly mapToRegistry   spec: 'latest',
26 silly mapToRegistry   type: 'tag' }
27 silly mapToRegistry uri https://registry.npmjs.org/my-colors-project
28 verbose publish registryBase https://registry.npmjs.org/
29 silly publish uploading /home/sundalei/.npm/my-colors-project/0.0.1/package.tgz
30 verbose request uri https://registry.npmjs.org/my-colors-project
31 verbose request sending authorization for write operation
32 info attempt registry request try #1 at 20:02:08
33 verbose request using bearer token for auth
34 verbose request id 874ddbc8ec21ce15
35 http request PUT https://registry.npmjs.org/my-colors-project
36 http 403 https://registry.npmjs.org/my-colors-project
37 verbose headers { 'content-type': 'application/json',
37 verbose headers   'cache-control': 'max-age=300',
37 verbose headers   'content-length': '111',
37 verbose headers   'accept-ranges': 'bytes',
37 verbose headers   date: 'Mon, 13 Jun 2016 12:02:10 GMT',
37 verbose headers   via: '1.1 varnish',
37 verbose headers   connection: 'keep-alive',
37 verbose headers   'x-served-by': 'cache-ams4146-AMS',
37 verbose headers   'x-cache': 'MISS',
37 verbose headers   'x-cache-hits': '0',
37 verbose headers   'x-timer': 'S1465819329.438572,VS0,VE665',
37 verbose headers   vary: 'Accept-Encoding' }
38 verbose request invalidating /home/sundalei/.npm/registry.npmjs.org/my-colors-project on PUT
39 error publish Failed PUT 403
40 verbose stack Error: you do not have permission to publish "my-colors-project". Are you logged in as the correct user? : my-colors-project
40 verbose stack     at makeError (/home/sundalei/.nvm/versions/node/v6.2.1/lib/node_modules/npm/node_modules/npm-registry-client/lib/request.js:264:12)
40 verbose stack     at CachingRegistryClient.<anonymous> (/home/sundalei/.nvm/versions/node/v6.2.1/lib/node_modules/npm/node_modules/npm-registry-client/lib/request.js:252:14)
40 verbose stack     at Request._callback (/home/sundalei/.nvm/versions/node/v6.2.1/lib/node_modules/npm/node_modules/npm-registry-client/lib/request.js:172:14)
40 verbose stack     at Request.self.callback (/home/sundalei/.nvm/versions/node/v6.2.1/lib/node_modules/npm/node_modules/request/request.js:200:22)
40 verbose stack     at emitTwo (events.js:106:13)
40 verbose stack     at Request.emit (events.js:191:7)
40 verbose stack     at Request.<anonymous> (/home/sundalei/.nvm/versions/node/v6.2.1/lib/node_modules/npm/node_modules/request/request.js:1067:10)
40 verbose stack     at emitOne (events.js:101:20)
40 verbose stack     at Request.emit (events.js:188:7)
40 verbose stack     at IncomingMessage.<anonymous> (/home/sundalei/.nvm/versions/node/v6.2.1/lib/node_modules/npm/node_modules/request/request.js:988:12)
41 verbose statusCode 403
42 verbose pkgid my-colors-project
43 verbose cwd /home/sundalei/nodejs/ch01/my-project
44 error Linux 4.4.0-24-generic
45 error argv "/home/sundalei/.nvm/versions/node/v6.2.1/bin/node" "/home/sundalei/.nvm/versions/node/v6.2.1/bin/npm" "publish"
46 error node v6.2.1
47 error npm  v3.9.3
48 error code E403
49 error you do not have permission to publish "my-colors-project". Are you logged in as the correct user? : my-colors-project
50 error If you need help, you may report this error at:
50 error     <https://github.com/npm/npm/issues>
51 verbose exit [ 1, true ]
